<?xml version="1.0" encoding="UTF-8"?>
<!-- Generated by org.testng.reporters.JUnitXMLReporter -->
<testsuite ignored="0" hostname="LAPTOP-6I2ERQM6" failures="0" tests="4" name="Default test" time="0.081" errors="0" timestamp="2023-05-12T13:07:48 IST">
  <testcase classname="tests.VerificationofHeader" name="@BeforeTest launchBrowser" time="-1.683877068858E9">
    <failure type="org.testng.TestNGException" message="
Parameter &amp;apos;browserName&amp;apos; is required by BeforeTest on method launchBrowser but has not been marked @Optional or defined
in C:\Users\Abhishek\AppData\Local\Temp\testng-eclipse-1669593562\testng-customsuite.xml">
      <![CDATA[org.testng.TestNGException: 
Parameter 'browserName' is required by BeforeTest on method launchBrowser but has not been marked @Optional or defined
in C:\Users\Abhishek\AppData\Local\Temp\testng-eclipse-1669593562\testng-customsuite.xml
at org.testng.internal.Parameters.createParams(Parameters.java:270)
at org.testng.internal.Parameters.createParametersForMethod(Parameters.java:358)
at org.testng.internal.Parameters.createParameters(Parameters.java:700)
at org.testng.internal.Parameters.createConfigurationParameters(Parameters.java:168)
at org.testng.internal.ConfigInvoker.invokeConfigurations(ConfigInvoker.java:302)
at org.testng.TestRunner.invokeTestConfigurations(TestRunner.java:637)
at org.testng.TestRunner.beforeRun(TestRunner.java:627)
at org.testng.TestRunner.run(TestRunner.java:589)
at org.testng.SuiteRunner.runTest(SuiteRunner.java:377)
at org.testng.SuiteRunner.runSequentially(SuiteRunner.java:371)
at org.testng.SuiteRunner.privateRun(SuiteRunner.java:332)
at org.testng.SuiteRunner.run(SuiteRunner.java:276)
at org.testng.SuiteRunnerWorker.runSuite(SuiteRunnerWorker.java:53)
at org.testng.SuiteRunnerWorker.run(SuiteRunnerWorker.java:96)
at org.testng.TestNG.runSuitesSequentially(TestNG.java:1212)
at org.testng.TestNG.runSuitesLocally(TestNG.java:1134)
at org.testng.TestNG.runSuites(TestNG.java:1063)
at org.testng.TestNG.run(TestNG.java:1031)
at org.testng.remote.AbstractRemoteTestNG.run(AbstractRemoteTestNG.java:115)
at org.testng.remote.RemoteTestNG.initAndRun(RemoteTestNG.java:251)
at org.testng.remote.RemoteTestNG.main(RemoteTestNG.java:77)
]]>
    </failure>
  </testcase> <!-- @BeforeTest launchBrowser -->
  <testcase classname="tests.VerificationofHeader" name="@BeforeClass createObject" time="-1.683877068896E9">
    <skipped/>
  </testcase> <!-- @BeforeClass createObject -->
  <testcase classname="tests.VerificationofHeader" name="@BeforeMethod beforemethod" time="-1.68387706891E9">
    <skipped/>
  </testcase> <!-- @BeforeMethod beforemethod -->
  <testcase classname="tests.VerificationofHeader" name="@AfterMethod logoutFromApplication" time="-1.683877068916E9">
    <skipped/>
  </testcase> <!-- @AfterMethod logoutFromApplication -->
  <testcase classname="tests.VerificationofHeader" name="@BeforeMethod beforemethod" time="-1.683877068916E9">
    <skipped/>
  </testcase> <!-- @BeforeMethod beforemethod -->
  <testcase classname="tests.VerificationofHeader" name="@AfterMethod logoutFromApplication" time="-1.683877068921E9">
    <skipped/>
  </testcase> <!-- @AfterMethod logoutFromApplication -->
  <testcase classname="tests.VerificationofHeader" name="@BeforeMethod beforemethod" time="-1.683877068923E9">
    <skipped/>
  </testcase> <!-- @BeforeMethod beforemethod -->
  <testcase classname="tests.VerificationofHeader" name="@AfterMethod logoutFromApplication" time="-1.683877068925E9">
    <skipped/>
  </testcase> <!-- @AfterMethod logoutFromApplication -->
  <testcase classname="tests.VerificationofHeader" name="@BeforeMethod beforemethod" time="-1.683877068926E9">
    <skipped/>
  </testcase> <!-- @BeforeMethod beforemethod -->
  <testcase classname="tests.VerificationofHeader" name="@AfterMethod logoutFromApplication" time="-1.683877068929E9">
    <skipped/>
  </testcase> <!-- @AfterMethod logoutFromApplication -->
  <testcase classname="tests.VerificationofHeader" name="@AfterClass clearObject" time="-1.683877068931E9">
    <skipped/>
  </testcase> <!-- @AfterClass clearObject -->
  <testcase classname="tests.VerificationofHeader" name="@AfterTest aftertest" time="-1.683877068933E9">
    <skipped/>
  </testcase> <!-- @AfterTest aftertest -->
  <testcase classname="tests.VerificationofHeader" name="Toverifythetask" time="0.0">
    <skipped/>
  </testcase> <!-- Toverifythetask -->
  <testcase classname="tests.VerificationofHeader" name="testC" time="0.0">
    <skipped/>
  </testcase> <!-- testC -->
  <testcase classname="tests.VerificationofHeader" name="testD" time="0.0">
    <skipped/>
  </testcase> <!-- testD -->
  <testcase classname="tests.VerificationofHeader" name="toverifytimetrack" time="0.0">
    <skipped/>
  </testcase> <!-- toverifytimetrack -->
</testsuite> <!-- Default test -->
