<?xml version="1.0" encoding="UTF-8"?>
<!-- Generated by org.testng.reporters.JUnitXMLReporter -->
<testsuite ignored="0" hostname="LAPTOP-6I2ERQM6" failures="0" tests="4" name="Test" time="0.124" errors="0" timestamp="2023-05-04T13:08:35 IST">
  <testcase classname="tests.VerificationofHeader" name="@BeforeTest launchBrowser" time="-1.683185915472E9">
    <failure type="org.testng.TestNGException" message="
Parameter &amp;apos;browserName&amp;apos; is required by BeforeTest on method launchBrowser but has not been marked @Optional or defined
in C:\Users\Abhishek\eclipse-workspace\ActiTime_Project\testng.xml">
      <![CDATA[org.testng.TestNGException: 
Parameter 'browserName' is required by BeforeTest on method launchBrowser but has not been marked @Optional or defined
in C:\Users\Abhishek\eclipse-workspace\ActiTime_Project\testng.xml
... Removed 21 stack frames]]>
    </failure>
  </testcase> <!-- @BeforeTest launchBrowser -->
  <testcase classname="tests.VerificationofHeader" name="@BeforeClass createObject" time="-1.683185915518E9">
    <skipped/>
  </testcase> <!-- @BeforeClass createObject -->
  <testcase classname="tests.VerificationofHeader" name="@BeforeMethod beforemethod" time="-1.683185915534E9">
    <skipped/>
  </testcase> <!-- @BeforeMethod beforemethod -->
  <testcase classname="tests.VerificationofHeader" name="@AfterMethod aftermethod" time="-1.68318591554E9">
    <skipped/>
  </testcase> <!-- @AfterMethod aftermethod -->
  <testcase classname="tests.VerificationofHeader" name="@BeforeMethod beforemethod" time="-1.683185915574E9">
    <skipped/>
  </testcase> <!-- @BeforeMethod beforemethod -->
  <testcase classname="tests.VerificationofHeader" name="@AfterMethod aftermethod" time="-1.683185915577E9">
    <skipped/>
  </testcase> <!-- @AfterMethod aftermethod -->
  <testcase classname="tests.VerificationofHeader" name="@BeforeMethod beforemethod" time="-1.683185915578E9">
    <skipped/>
  </testcase> <!-- @BeforeMethod beforemethod -->
  <testcase classname="tests.VerificationofHeader" name="@AfterMethod aftermethod" time="-1.683185915581E9">
    <skipped/>
  </testcase> <!-- @AfterMethod aftermethod -->
  <testcase classname="tests.VerificationofHeader" name="@BeforeMethod beforemethod" time="-1.683185915582E9">
    <skipped/>
  </testcase> <!-- @BeforeMethod beforemethod -->
  <testcase classname="tests.VerificationofHeader" name="@AfterMethod aftermethod" time="-1.683185915585E9">
    <skipped/>
  </testcase> <!-- @AfterMethod aftermethod -->
  <testcase classname="tests.VerificationofHeader" name="@AfterClass clearObject" time="-1.683185915586E9">
    <skipped/>
  </testcase> <!-- @AfterClass clearObject -->
  <testcase classname="tests.VerificationofHeader" name="@AfterTest aftertest" time="-1.683185915589E9">
    <skipped/>
  </testcase> <!-- @AfterTest aftertest -->
  <testcase classname="tests.VerificationofHeader" name="testA" time="0.0">
    <skipped/>
  </testcase> <!-- testA -->
  <testcase classname="tests.VerificationofHeader" name="testB" time="0.0">
    <skipped/>
  </testcase> <!-- testB -->
  <testcase classname="tests.VerificationofHeader" name="testC" time="0.0">
    <skipped/>
  </testcase> <!-- testC -->
  <testcase classname="tests.VerificationofHeader" name="testD" time="0.0">
    <skipped/>
  </testcase> <!-- testD -->
</testsuite> <!-- Test -->
